
**** Clean-only build of configuration Debug for project MSP432_16x32_RGB_Display ****

"C:\\ti\\ccsv6\\utils\\bin\\gmake" -k clean 
DEL /F  "MSP432_16x32_RGB_Display.out"  "MSP432_16x32_RGB_Display.hex" 
Could Not Find C:\Users\John\OneDrive\Documents\CCS\CCSv6_MSP432_workspace\MSP432_16x32_RGB_Display\Firmware\CCSv6_workspace\MSP432_16x32_RGB_Display\Debug\MSP432_16x32_RGB_Display.out
DEL /F "main.pp" "msp432_startup_ccs.pp" "DisplayDriver\Display_RGB_16x32.pp" 
DEL /F "main.obj" "msp432_startup_ccs.obj" "DisplayDriver\Display_RGB_16x32.obj" 
Could Not Find C:\Users\John\OneDrive\Documents\CCS\CCSv6_MSP432_workspace\MSP432_16x32_RGB_Display\Firmware\CCSv6_workspace\MSP432_16x32_RGB_Display\Debug\main.obj
Could Not Find C:\Users\John\OneDrive\Documents\CCS\CCSv6_MSP432_workspace\MSP432_16x32_RGB_Display\Firmware\CCSv6_workspace\MSP432_16x32_RGB_Display\Debug\DisplayDriver\Display_RGB_16x32.obj
'Finished clean'
' '

**** Build Finished ****

**** Build of configuration Debug for project MSP432_16x32_RGB_Display ****

"C:\\ti\\ccsv6\\utils\\bin\\gmake" -k all 
'Building file: ../main.c'
'Invoking: MSP432 Compiler'
"C:/ti/ccsv6/tools/compiler/ti-cgt-arm_5.2.6/bin/armcl" -mv7M4 --code_state=16 --float_support=FPv4SPD16 --abi=eabi -me --include_path="C:/ti/ccsv6/ccs_base/arm/include" --include_path="C:/ti/ccsv6/tools/compiler/ti-cgt-arm_5.2.6/include" --include_path="C:/ti/ccsv6/ccs_base/arm/include/CMSIS" --advice:power=all -g --gcc --define=__MSP432P401R__ --define=TARGET_IS_MSP432P4XX --define=ccs --display_error_number --diag_warning=225 --diag_wrap=off --preproc_with_compile --preproc_dependency="main.pp"  "../main.c"
"C:\ti\ccsv6\ccs_base\arm\include\msp432p401r.h", line 69: warning #1181-D: #warning directive: "MSP432 software will be updated to use CMSIS-Core in March 2016. This update will allow your MSP432 software to be CMSIS compliant, but require modification to your existing MSP432 code. A beta release is available if you want to start converting your code today. Refer to http://www.ti.com/MSP432CMSIS for detailed changes, conversion guide and background information."
"../main.c", line 30: warning #169-D: argument of type "char *" is incompatible with parameter of type "const char"
"../main.c", line 13: warning #179-D: variable "i" was declared but never referenced
'Finished building: ../main.c'
' '
'Building file: ../msp432_startup_ccs.c'
'Invoking: MSP432 Compiler'
"C:/ti/ccsv6/tools/compiler/ti-cgt-arm_5.2.6/bin/armcl" -mv7M4 --code_state=16 --float_support=FPv4SPD16 --abi=eabi -me --include_path="C:/ti/ccsv6/ccs_base/arm/include" --include_path="C:/ti/ccsv6/tools/compiler/ti-cgt-arm_5.2.6/include" --include_path="C:/ti/ccsv6/ccs_base/arm/include/CMSIS" --advice:power=all -g --gcc --define=__MSP432P401R__ --define=TARGET_IS_MSP432P4XX --define=ccs --display_error_number --diag_warning=225 --diag_wrap=off --preproc_with_compile --preproc_dependency="msp432_startup_ccs.pp"  "../msp432_startup_ccs.c"
"../msp432_startup_ccs.c", line 170: remark #1527-D: (ULP 2.1) Detected SW delay loop using empty loop. Recommend using a timer module instead
"../msp432_startup_ccs.c", line 182: remark #1527-D: (ULP 2.1) Detected SW delay loop using empty loop. Recommend using a timer module instead
"../msp432_startup_ccs.c", line 194: remark #1527-D: (ULP 2.1) Detected SW delay loop using empty loop. Recommend using a timer module instead
'Finished building: ../msp432_startup_ccs.c'
' '
'Building file: ../DisplayDriver/Display_RGB_16x32.c'
'Invoking: MSP432 Compiler'
"C:/ti/ccsv6/tools/compiler/ti-cgt-arm_5.2.6/bin/armcl" -mv7M4 --code_state=16 --float_support=FPv4SPD16 --abi=eabi -me --include_path="C:/ti/ccsv6/ccs_base/arm/include" --include_path="C:/ti/ccsv6/tools/compiler/ti-cgt-arm_5.2.6/include" --include_path="C:/ti/ccsv6/ccs_base/arm/include/CMSIS" --advice:power=all -g --gcc --define=__MSP432P401R__ --define=TARGET_IS_MSP432P4XX --define=ccs --display_error_number --diag_warning=225 --diag_wrap=off --preproc_with_compile --preproc_dependency="DisplayDriver/Display_RGB_16x32.pp" --obj_directory="DisplayDriver"  "../DisplayDriver/Display_RGB_16x32.c"
"C:\ti\ccsv6\ccs_base\arm\include\msp432p401r.h", line 69: warning #1181-D: #warning directive: "MSP432 software will be updated to use CMSIS-Core in March 2016. This update will allow your MSP432 software to be CMSIS compliant, but require modification to your existing MSP432 code. A beta release is available if you want to start converting your code today. Refer to http://www.ti.com/MSP432CMSIS for detailed changes, conversion guide and background information."
"../DisplayDriver/Display_RGB_16x32.c", line 94: remark #1527-D: (ULP 2.1) Detected SW delay loop using empty loop. Recommend using a timer module instead
"../DisplayDriver/Display_RGB_16x32.c", line 235: remark #1528-D: (ULP 3.1) Detected flag polling using UCA0IFG. Recommend using an interrupt combined with enter LPMx and ISR
"../DisplayDriver/Display_RGB_16x32.c", line 254: remark #2623-D: (ULP 5.4) Detected an assignment to a type with size less than int. To avoid unnecessary sign extension, use int-sized types for local varaibles and convert to smaller types for static storage.
"../DisplayDriver/Display_RGB_16x32.c", line 270: remark #2623-D: (ULP 5.4) Detected an assignment to a type with size less than int. To avoid unnecessary sign extension, use int-sized types for local varaibles and convert to smaller types for static storage.
"../DisplayDriver/Display_RGB_16x32.c", line 300: remark #1528-D: (ULP 3.1) Detected flag polling using UCB1IFG. Recommend using an interrupt combined with enter LPMx and ISR
'Finished building: ../DisplayDriver/Display_RGB_16x32.c'
' '
'Building target: MSP432_16x32_RGB_Display.out'
'Invoking: MSP432 Linker'
"C:/ti/ccsv6/tools/compiler/ti-cgt-arm_5.2.6/bin/armcl" -mv7M4 --code_state=16 --float_support=FPv4SPD16 --abi=eabi -me --advice:power=all -g --gcc --define=__MSP432P401R__ --define=TARGET_IS_MSP432P4XX --define=ccs --display_error_number --diag_warning=225 --diag_wrap=off -z -m"MSP432_16x32_RGB_Display.map" --heap_size=1024 --stack_size=512 -i"C:/ti/ccsv6/ccs_base/arm/include" -i"C:/ti/ccsv6/tools/compiler/ti-cgt-arm_5.2.6/lib" -i"C:/ti/ccsv6/tools/compiler/ti-cgt-arm_5.2.6/include" --reread_libs --warn_sections --display_error_number --diag_wrap=off --xml_link_info="MSP432_16x32_RGB_Display_linkInfo.xml" --rom_model -o "MSP432_16x32_RGB_Display.out" "./main.obj" "./msp432_startup_ccs.obj" "./DisplayDriver/Display_RGB_16x32.obj" "../msp432p401r.cmd"  -l"libc.a" 
<Linking>
remark #10372-D: (ULP 4.1) Detected uninitialized Port 1 in this project. Recommend initializing all unused ports to eliminate wasted current consumption on unused pins.
remark #10372-D: (ULP 4.1) Detected uninitialized Port 2 in this project. Recommend initializing all unused ports to eliminate wasted current consumption on unused pins.
remark #10372-D: (ULP 4.1) Detected uninitialized Port 3 in this project. Recommend initializing all unused ports to eliminate wasted current consumption on unused pins.
remark #10372-D: (ULP 4.1) Detected uninitialized Port 4 in this project. Recommend initializing all unused ports to eliminate wasted current consumption on unused pins.
remark #10372-D: (ULP 4.1) Detected uninitialized Port 5 in this project. Recommend initializing all unused ports to eliminate wasted current consumption on unused pins.
remark #10372-D: (ULP 4.1) Detected uninitialized Port 6 in this project. Recommend initializing all unused ports to eliminate wasted current consumption on unused pins.
remark #10372-D: (ULP 4.1) Detected uninitialized Port 7 in this project. Recommend initializing all unused ports to eliminate wasted current consumption on unused pins.
remark #10372-D: (ULP 4.1) Detected uninitialized Port 8 in this project. Recommend initializing all unused ports to eliminate wasted current consumption on unused pins.
remark #10372-D: (ULP 4.1) Detected uninitialized Port 9 in this project. Recommend initializing all unused ports to eliminate wasted current consumption on unused pins.
remark #10372-D: (ULP 4.1) Detected uninitialized Port 10 in this project. Recommend initializing all unused ports to eliminate wasted current consumption on unused pins.
'Finished building target: MSP432_16x32_RGB_Display.out'
' '

**** Build Finished ****
